<?xml version="1.0" encoding="UTF-8"?>
<coverage generated="1610286421418" clover="3.2.0">
  <project timestamp="1610286421418" name="All files">
    <metrics statements="31" coveredstatements="30" conditionals="18" coveredconditionals="14" methods="10" coveredmethods="10" elements="59" coveredelements="54" complexity="0" loc="31" ncloc="31" packages="1" files="2" classes="2"/>
    <file name="LRUExtended.js" path="/Users/galc/Desktop/web development journey/RateLimiter/src/LRUExtended.js">
      <metrics statements="5" coveredstatements="5" conditionals="0" coveredconditionals="0" methods="4" coveredmethods="4"/>
      <line num="1" count="1" type="stmt"/>
      <line num="3" count="1" type="stmt"/>
      <line num="6" count="30" type="stmt"/>
      <line num="16" count="8" type="stmt"/>
      <line num="20" count="18" type="stmt"/>
    </file>
    <file name="RateLimiterSingleton.js" path="/Users/galc/Desktop/web development journey/RateLimiter/src/RateLimiterSingleton.js">
      <metrics statements="26" coveredstatements="25" conditionals="18" coveredconditionals="14" methods="6" coveredmethods="6"/>
      <line num="12" count="2" type="cond" truecount="1" falsecount="1"/>
      <line num="13" count="1" type="stmt"/>
      <line num="14" count="1" type="stmt"/>
      <line num="18" count="23" type="cond" truecount="2" falsecount="0"/>
      <line num="19" count="2" type="cond" truecount="4" falsecount="0"/>
      <line num="20" count="1" type="stmt"/>
      <line num="23" count="1" type="stmt"/>
      <line num="28" count="22" type="stmt"/>
      <line num="32" count="5" type="stmt"/>
      <line num="33" count="5" type="stmt"/>
      <line num="34" count="5" type="cond" truecount="1" falsecount="1"/>
      <line num="38" count="20" type="cond" truecount="2" falsecount="0"/>
      <line num="39" count="8" type="cond" truecount="2" falsecount="0"/>
      <line num="40" count="2" type="stmt"/>
      <line num="41" count="2" type="stmt"/>
      <line num="44" count="2" type="cond" truecount="1" falsecount="1"/>
      <line num="45" count="2" type="stmt"/>
      <line num="47" count="6" type="stmt"/>
      <line num="50" count="12" type="stmt"/>
      <line num="53" count="18" type="stmt"/>
      <line num="57" count="2" type="stmt"/>
      <line num="58" count="2" type="stmt"/>
      <line num="60" count="4" type="stmt"/>
      <line num="61" count="4" type="cond" truecount="1" falsecount="1"/>
      <line num="62" count="0" type="stmt"/>
      <line num="68" count="10" type="stmt"/>
    </file>
  </project>
</coverage>
