{"/Users/galc/Desktop/web development journey/RateLimiter/src/LRUExtended.js": {"path":"/Users/galc/Desktop/web development journey/RateLimiter/src/LRUExtended.js","statementMap":{"0":{"start":{"line":1,"column":10},"end":{"line":1,"column":30}},"1":{"start":{"line":3,"column":16},"end":{"line":12,"column":1}},"2":{"start":{"line":6,"column":4},"end":{"line":6,"column":20}},"3":{"start":{"line":16,"column":4},"end":{"line":16,"column":53}},"4":{"start":{"line":20,"column":4},"end":{"line":20,"column":31}}},"fnMap":{"0":{"name":"(anonymous_0)","decl":{"start":{"line":5,"column":10},"end":{"line":5,"column":11}},"loc":{"start":{"line":5,"column":28},"end":{"line":7,"column":3}},"line":5},"1":{"name":"(anonymous_1)","decl":{"start":{"line":8,"column":11},"end":{"line":8,"column":12}},"loc":{"start":{"line":8,"column":29},"end":{"line":10,"column":3}},"line":8},"2":{"name":"(anonymous_2)","decl":{"start":{"line":15,"column":2},"end":{"line":15,"column":3}},"loc":{"start":{"line":15,"column":38},"end":{"line":17,"column":3}},"line":15},"3":{"name":"(anonymous_3)","decl":{"start":{"line":19,"column":2},"end":{"line":19,"column":3}},"loc":{"start":{"line":19,"column":28},"end":{"line":21,"column":3}},"line":19}},"branchMap":{},"s":{"0":1,"1":1,"2":30,"3":8,"4":18},"f":{"0":30,"1":18,"2":8,"3":18},"b":{},"_coverageSchema":"1a1c01bbd47fc00a2c39e90264f33305004495a9","hash":"cea20bac5f4b2548f073421c1d51a28382f1b8d7"}
,"/Users/galc/Desktop/web development journey/RateLimiter/src/RateLimiterSingleton.js": {"path":"/Users/galc/Desktop/web development journey/RateLimiter/src/RateLimiterSingleton.js","statementMap":{"0":{"start":{"line":12,"column":4},"end":{"line":12,"column":147}},"1":{"start":{"line":12,"column":54},"end":{"line":12,"column":147}},"2":{"start":{"line":13,"column":4},"end":{"line":13,"column":102}},"3":{"start":{"line":14,"column":4},"end":{"line":14,"column":43}},"4":{"start":{"line":18,"column":4},"end":{"line":26,"column":5}},"5":{"start":{"line":19,"column":6},"end":{"line":22,"column":10}},"6":{"start":{"line":20,"column":8},"end":{"line":22,"column":10}},"7":{"start":{"line":23,"column":6},"end":{"line":25,"column":8}},"8":{"start":{"line":28,"column":4},"end":{"line":28,"column":43}},"9":{"start":{"line":32,"column":4},"end":{"line":32,"column":51}},"10":{"start":{"line":33,"column":4},"end":{"line":33,"column":51}},"11":{"start":{"line":34,"column":4},"end":{"line":34,"column":78}},"12":{"start":{"line":34,"column":31},"end":{"line":34,"column":78}},"13":{"start":{"line":38,"column":4},"end":{"line":51,"column":5}},"14":{"start":{"line":39,"column":6},"end":{"line":48,"column":7}},"15":{"start":{"line":40,"column":8},"end":{"line":40,"column":41}},"16":{"start":{"line":41,"column":53},"end":{"line":43,"column":9}},"17":{"start":{"line":44,"column":8},"end":{"line":45,"column":80}},"18":{"start":{"line":45,"column":10},"end":{"line":45,"column":80}},"19":{"start":{"line":47,"column":8},"end":{"line":47,"column":74}},"20":{"start":{"line":50,"column":6},"end":{"line":50,"column":69}},"21":{"start":{"line":53,"column":4},"end":{"line":53,"column":71}},"22":{"start":{"line":57,"column":16},"end":{"line":57,"column":36}},"23":{"start":{"line":58,"column":4},"end":{"line":64,"column":5}},"24":{"start":{"line":60,"column":8},"end":{"line":60,"column":69}},"25":{"start":{"line":61,"column":6},"end":{"line":63,"column":7}},"26":{"start":{"line":62,"column":8},"end":{"line":62,"column":74}},"27":{"start":{"line":68,"column":4},"end":{"line":71,"column":6}}},"fnMap":{"0":{"name":"(anonymous_0)","decl":{"start":{"line":11,"column":2},"end":{"line":11,"column":3}},"loc":{"start":{"line":11,"column":37},"end":{"line":15,"column":3}},"line":11},"1":{"name":"(anonymous_1)","decl":{"start":{"line":17,"column":2},"end":{"line":17,"column":3}},"loc":{"start":{"line":17,"column":23},"end":{"line":29,"column":3}},"line":17},"2":{"name":"(anonymous_2)","decl":{"start":{"line":31,"column":2},"end":{"line":31,"column":3}},"loc":{"start":{"line":31,"column":78},"end":{"line":35,"column":3}},"line":31},"3":{"name":"(anonymous_3)","decl":{"start":{"line":37,"column":2},"end":{"line":37,"column":3}},"loc":{"start":{"line":37,"column":43},"end":{"line":54,"column":3}},"line":37},"4":{"name":"(anonymous_4)","decl":{"start":{"line":56,"column":2},"end":{"line":56,"column":3}},"loc":{"start":{"line":56,"column":30},"end":{"line":65,"column":3}},"line":56},"5":{"name":"(anonymous_5)","decl":{"start":{"line":67,"column":2},"end":{"line":67,"column":3}},"loc":{"start":{"line":67,"column":39},"end":{"line":72,"column":3}},"line":67}},"branchMap":{"0":{"loc":{"start":{"line":12,"column":4},"end":{"line":12,"column":147}},"type":"if","locations":[{"start":{"line":12,"column":4},"end":{"line":12,"column":147}},{"start":{"line":12,"column":4},"end":{"line":12,"column":147}}],"line":12},"1":{"loc":{"start":{"line":18,"column":4},"end":{"line":26,"column":5}},"type":"if","locations":[{"start":{"line":18,"column":4},"end":{"line":26,"column":5}},{"start":{"line":18,"column":4},"end":{"line":26,"column":5}}],"line":18},"2":{"loc":{"start":{"line":19,"column":6},"end":{"line":22,"column":10}},"type":"if","locations":[{"start":{"line":19,"column":6},"end":{"line":22,"column":10}},{"start":{"line":19,"column":6},"end":{"line":22,"column":10}}],"line":19},"3":{"loc":{"start":{"line":19,"column":10},"end":{"line":19,"column":79}},"type":"binary-expr","locations":[{"start":{"line":19,"column":10},"end":{"line":19,"column":43}},{"start":{"line":19,"column":47},"end":{"line":19,"column":79}}],"line":19},"4":{"loc":{"start":{"line":34,"column":4},"end":{"line":34,"column":78}},"type":"if","locations":[{"start":{"line":34,"column":4},"end":{"line":34,"column":78}},{"start":{"line":34,"column":4},"end":{"line":34,"column":78}}],"line":34},"5":{"loc":{"start":{"line":38,"column":4},"end":{"line":51,"column":5}},"type":"if","locations":[{"start":{"line":38,"column":4},"end":{"line":51,"column":5}},{"start":{"line":38,"column":4},"end":{"line":51,"column":5}}],"line":38},"6":{"loc":{"start":{"line":39,"column":6},"end":{"line":48,"column":7}},"type":"if","locations":[{"start":{"line":39,"column":6},"end":{"line":48,"column":7}},{"start":{"line":39,"column":6},"end":{"line":48,"column":7}}],"line":39},"7":{"loc":{"start":{"line":44,"column":8},"end":{"line":45,"column":80}},"type":"if","locations":[{"start":{"line":44,"column":8},"end":{"line":45,"column":80}},{"start":{"line":44,"column":8},"end":{"line":45,"column":80}}],"line":44},"8":{"loc":{"start":{"line":61,"column":6},"end":{"line":63,"column":7}},"type":"if","locations":[{"start":{"line":61,"column":6},"end":{"line":63,"column":7}},{"start":{"line":61,"column":6},"end":{"line":63,"column":7}}],"line":61}},"s":{"0":2,"1":0,"2":1,"3":1,"4":23,"5":2,"6":1,"7":1,"8":22,"9":5,"10":5,"11":5,"12":0,"13":20,"14":8,"15":2,"16":2,"17":2,"18":2,"19":6,"20":12,"21":18,"22":2,"23":2,"24":4,"25":4,"26":0,"27":10},"f":{"0":2,"1":23,"2":5,"3":20,"4":2,"5":10},"b":{"0":[0,1],"1":[2,21],"2":[1,1],"3":[2,1],"4":[0,5],"5":[8,12],"6":[2,6],"7":[2,0],"8":[0,4]},"_coverageSchema":"1a1c01bbd47fc00a2c39e90264f33305004495a9","hash":"166c598ad1e675f68fa229e41dc1f984e7938a78"}
}
