TN:
SF:src/LRUExtended.js
FN:5,(anonymous_0)
FN:8,(anonymous_1)
FN:15,(anonymous_2)
FN:19,(anonymous_3)
FNF:4
FNH:4
FNDA:30,(anonymous_0)
FNDA:18,(anonymous_1)
FNDA:8,(anonymous_2)
FNDA:18,(anonymous_3)
DA:1,1
DA:3,1
DA:6,30
DA:16,8
DA:20,18
LF:5
LH:5
BRF:0
BRH:0
end_of_record
TN:
SF:src/RateLimiterSingleton.js
FN:11,(anonymous_0)
FN:17,(anonymous_1)
FN:31,(anonymous_2)
FN:37,(anonymous_3)
FN:56,(anonymous_4)
FN:67,(anonymous_5)
FNF:6
FNH:6
FNDA:2,(anonymous_0)
FNDA:23,(anonymous_1)
FNDA:5,(anonymous_2)
FNDA:20,(anonymous_3)
FNDA:2,(anonymous_4)
FNDA:10,(anonymous_5)
DA:12,2
DA:13,1
DA:14,1
DA:18,23
DA:19,2
DA:20,1
DA:23,1
DA:28,22
DA:32,5
DA:33,5
DA:34,5
DA:38,20
DA:39,8
DA:40,2
DA:41,2
DA:44,2
DA:45,2
DA:47,6
DA:50,12
DA:53,18
DA:57,2
DA:58,2
DA:60,4
DA:61,4
DA:62,0
DA:68,10
LF:26
LH:25
BRDA:12,0,0,0
BRDA:12,0,1,1
BRDA:18,1,0,2
BRDA:18,1,1,21
BRDA:19,2,0,1
BRDA:19,2,1,1
BRDA:19,3,0,2
BRDA:19,3,1,1
BRDA:34,4,0,0
BRDA:34,4,1,5
BRDA:38,5,0,8
BRDA:38,5,1,12
BRDA:39,6,0,2
BRDA:39,6,1,6
BRDA:44,7,0,2
BRDA:44,7,1,0
BRDA:61,8,0,0
BRDA:61,8,1,4
BRF:18
BRH:14
end_of_record
